gyp info it worked if it ends with ok
gyp info using node-gyp@7.1.2
gyp info using node@15.8.0 | darwin | x64
gyp info find Python using Python version 3.8.2 found at "/Applications/Xcode.app/Contents/Developer/usr/bin/python3"
gyp info spawn /Applications/Xcode.app/Contents/Developer/usr/bin/python3
gyp info spawn args [
gyp info spawn args   '/Users/danielschulz/.nvm/versions/node/v15.8.0/lib/node_modules/npm/node_modules/node-gyp/gyp/gyp_main.py',
gyp info spawn args   'binding.gyp',
gyp info spawn args   '-f',
gyp info spawn args   'make',
gyp info spawn args   '-I',
gyp info spawn args   '/Users/danielschulz/Documents/code/Familienduell/server/node_modules/ws/build/config.gypi',
gyp info spawn args   '-I',
gyp info spawn args   '/Users/danielschulz/.nvm/versions/node/v15.8.0/lib/node_modules/npm/node_modules/node-gyp/addon.gypi',
gyp info spawn args   '-I',
gyp info spawn args   '/Users/danielschulz/Library/Caches/node-gyp/15.8.0/include/node/common.gypi',
gyp info spawn args   '-Dlibrary=shared_library',
gyp info spawn args   '-Dvisibility=default',
gyp info spawn args   '-Dnode_root_dir=/Users/danielschulz/Library/Caches/node-gyp/15.8.0',
gyp info spawn args   '-Dnode_gyp_dir=/Users/danielschulz/.nvm/versions/node/v15.8.0/lib/node_modules/npm/node_modules/node-gyp',
gyp info spawn args   '-Dnode_lib_file=/Users/danielschulz/Library/Caches/node-gyp/15.8.0/<(target_arch)/node.lib',
gyp info spawn args   '-Dmodule_root_dir=/Users/danielschulz/Documents/code/Familienduell/server/node_modules/ws',
gyp info spawn args   '-Dnode_engine=v8',
gyp info spawn args   '--depth=.',
gyp info spawn args   '--no-parallel',
gyp info spawn args   '--generator-output',
gyp info spawn args   'build',
gyp info spawn args   '-Goutput_dir=.'
gyp info spawn args ]
gyp info spawn make
gyp info spawn args [ 'BUILDTYPE=Release', '-C', 'build' ]
../src/bufferutil.cc:23:30: error: no template named 'Handle' in namespace 'v8'
  static void Initialize(v8::Handle<v8::Object> target)
                         ~~~~^
../src/bufferutil.cc:36:10: error: no template named 'Handle'
  static Handle<Value> New(const Arguments& args)
         ^
../src/bufferutil.cc:36:34: error: unknown type name 'Arguments'
  static Handle<Value> New(const Arguments& args)
                                 ^
../src/bufferutil.cc:44:10: error: no template named 'Handle'
  static Handle<Value> Merge(const Arguments& args)
         ^
../src/bufferutil.cc:44:36: error: unknown type name 'Arguments'
  static Handle<Value> Merge(const Arguments& args)
                                   ^
../src/bufferutil.cc:62:10: error: no template named 'Handle'
  static Handle<Value> Unmask(const Arguments& args)
         ^
../src/bufferutil.cc:62:37: error: unknown type name 'Arguments'
  static Handle<Value> Unmask(const Arguments& args)
                                    ^
../src/bufferutil.cc:83:10: error: no template named 'Handle'
  static Handle<Value> Mask(const Arguments& args)
         ^
../src/bufferutil.cc:83:35: error: unknown type name 'Arguments'
  static Handle<Value> Mask(const Arguments& args)
                                  ^
../src/bufferutil.cc:25:17: error: calling a protected constructor of class 'v8::HandleScope'
    HandleScope scope;
                ^
/Users/danielschulz/Library/Caches/node-gyp/15.8.0/include/node/v8.h:1219:13: note: declared protected here
  V8_INLINE HandleScope() = default;
            ^
../src/bufferutil.cc:28:36: error: too few arguments to function call, single argument 'context' was not specified
    NODE_SET_METHOD(t->GetFunction(), "unmask", BufferUtil::Unmask);
                    ~~~~~~~~~~~~~~ ^
/Users/danielschulz/Library/Caches/node-gyp/15.8.0/include/node/v8.h:6497:46: note: 'GetFunction' declared here
  V8_WARN_UNUSED_RESULT MaybeLocal<Function> GetFunction(
                                             ^
../src/bufferutil.cc:29:36: error: too few arguments to function call, single argument 'context' was not specified
    NODE_SET_METHOD(t->GetFunction(), "mask", BufferUtil::Mask);
                    ~~~~~~~~~~~~~~ ^
/Users/danielschulz/Library/Caches/node-gyp/15.8.0/include/node/v8.h:6497:46: note: 'GetFunction' declared here
  V8_WARN_UNUSED_RESULT MaybeLocal<Function> GetFunction(
                                             ^
../src/bufferutil.cc:30:36: error: too few arguments to function call, single argument 'context' was not specified
    NODE_SET_METHOD(t->GetFunction(), "merge", BufferUtil::Merge);
                    ~~~~~~~~~~~~~~ ^
/Users/danielschulz/Library/Caches/node-gyp/15.8.0/include/node/v8.h:6497:46: note: 'GetFunction' declared here
  V8_WARN_UNUSED_RESULT MaybeLocal<Function> GetFunction(
                                             ^
../src/bufferutil.cc:31:65: error: too few arguments to function call, single argument 'context' was not specified
    target->Set(String::NewSymbol("BufferUtil"), t->GetFunction());
                                                 ~~~~~~~~~~~~~~ ^
/Users/danielschulz/Library/Caches/node-gyp/15.8.0/include/node/v8.h:6497:46: note: 'GetFunction' declared here
  V8_WARN_UNUSED_RESULT MaybeLocal<Function> GetFunction(
                                             ^
../src/bufferutil.cc:31:25: error: no member named 'NewSymbol' in 'v8::String'
    target->Set(String::NewSymbol("BufferUtil"), t->GetFunction());
                ~~~~~~~~^
../src/bufferutil.cc:38:17: error: calling a protected constructor of class 'v8::HandleScope'
    HandleScope scope;
                ^
/Users/danielschulz/Library/Caches/node-gyp/15.8.0/include/node/v8.h:1219:13: note: declared protected here
  V8_INLINE HandleScope() = default;
            ^
../src/bufferutil.cc:46:17: error: calling a protected constructor of class 'v8::HandleScope'
    HandleScope scope;
                ^
/Users/danielschulz/Library/Caches/node-gyp/15.8.0/include/node/v8.h:1219:13: note: declared protected here
  V8_INLINE HandleScope() = default;
            ^
../src/bufferutil.cc:54:34: error: no matching member function for call to 'Get'
      Local<Object> src = array->Get(i)->ToObject();
                          ~~~~~~~^~~
/Users/danielschulz/Library/Caches/node-gyp/15.8.0/include/node/v8.h:3763:43: note: candidate function not viable: requires 2 arguments, but 1 was provided
  V8_WARN_UNUSED_RESULT MaybeLocal<Value> Get(Local<Context> context,
                                          ^
/Users/danielschulz/Library/Caches/node-gyp/15.8.0/include/node/v8.h:3766:43: note: candidate function not viable: requires 2 arguments, but 1 was provided
  V8_WARN_UNUSED_RESULT MaybeLocal<Value> Get(Local<Context> context,
                                          ^
../src/bufferutil.cc:59:18: error: no member named 'Close' in 'v8::HandleScope'
    return scope.Close(True());
           ~~~~~ ^
fatal error: too many errors emitted, stopping now [-ferror-limit=]
20 errors generated.
make: *** [Release/obj.target/bufferutil/src/bufferutil.o] Error 1
gyp ERR! build error 
gyp ERR! stack Error: `make` failed with exit code: 2
gyp ERR! stack     at ChildProcess.onExit (/Users/danielschulz/.nvm/versions/node/v15.8.0/lib/node_modules/npm/node_modules/node-gyp/lib/build.js:194:23)
gyp ERR! stack     at ChildProcess.emit (node:events:378:20)
gyp ERR! stack     at Process.ChildProcess._handle.onexit (node:internal/child_process:290:12)
gyp ERR! System Darwin 20.6.0
gyp ERR! command "/Users/danielschulz/.nvm/versions/node/v15.8.0/bin/node" "/Users/danielschulz/.nvm/versions/node/v15.8.0/lib/node_modules/npm/node_modules/node-gyp/bin/node-gyp.js" "rebuild"
gyp ERR! cwd /Users/danielschulz/Documents/code/Familienduell/server/node_modules/ws
gyp ERR! node -v v15.8.0
gyp ERR! node-gyp -v v7.1.2
gyp ERR! not ok 
